\BOOKMARK [1][-]{section.1}{Introduction}{}% 1
\BOOKMARK [2][-]{subsection.1.1}{Motivation}{section.1}% 2
\BOOKMARK [2][-]{subsection.1.2}{Problem Statement}{section.1}% 3
\BOOKMARK [1][-]{section.2}{Background}{}% 4
\BOOKMARK [2][-]{subsection.2.1}{Open-source Software}{section.2}% 5
\BOOKMARK [2][-]{subsection.2.2}{National Vulnerability Database}{section.2}% 6
\BOOKMARK [2][-]{subsection.2.3}{Common Vulnerabilities \046 Exposure}{section.2}% 7
\BOOKMARK [2][-]{subsection.2.4}{Data Scraping}{section.2}% 8
\BOOKMARK [2][-]{subsection.2.5}{Vulnerability Analysis}{section.2}% 9
\BOOKMARK [2][-]{subsection.2.6}{Dependency Manager}{section.2}% 10
\BOOKMARK [3][-]{subsubsection.2.6.1}{Components of Dependency Manager}{subsection.2.6}% 11
\BOOKMARK [1][-]{section.3}{Literature Survey}{}% 12
\BOOKMARK [2][-]{subsection.3.1}{Evolution of Vulnerability Analysis}{section.3}% 13
\BOOKMARK [3][-]{subsubsection.3.1.1}{Benefits}{subsection.3.1}% 14
\BOOKMARK [3][-]{subsubsection.3.1.2}{Vulnerability Attacks}{subsection.3.1}% 15
\BOOKMARK [3][-]{subsubsection.3.1.3}{Types of Vulnerability Analysis}{subsection.3.1}% 16
\BOOKMARK [3][-]{subsubsection.3.1.4}{Vulnerability Databases}{subsection.3.1}% 17
\BOOKMARK [2][-]{subsection.3.2}{Data Scraping}{section.3}% 18
\BOOKMARK [3][-]{subsubsection.3.2.1}{Types of Data Scraping}{subsection.3.2}% 19
\BOOKMARK [3][-]{subsubsection.3.2.2}{Challenges}{subsection.3.2}% 20
\BOOKMARK [3][-]{subsubsection.3.2.3}{Data Scraping Methods}{subsection.3.2}% 21
\BOOKMARK [2][-]{subsection.3.3}{String Distance Metrics}{section.3}% 22
\BOOKMARK [3][-]{subsubsection.3.3.1}{Hamming Distance}{subsection.3.3}% 23
\BOOKMARK [3][-]{subsubsection.3.3.2}{Levenshtein distance}{subsection.3.3}% 24
\BOOKMARK [3][-]{subsubsection.3.3.3}{Damerau-Levenshtein distance}{subsection.3.3}% 25
\BOOKMARK [3][-]{subsubsection.3.3.4}{Jaro Distance}{subsection.3.3}% 26
\BOOKMARK [1][-]{section.4}{Design \046 Architecture}{}% 27
\BOOKMARK [1][-]{section.5}{Implementation}{}% 28
\BOOKMARK [1][-]{section.6}{Results \046 Discussion}{}% 29
\BOOKMARK [1][-]{section.7}{Conclusion}{}% 30
\BOOKMARK [1][-]{section.8}{Future Work}{}% 31
\BOOKMARK [1][-]{section.8}{References}{}% 32
